#
# There is insufficient memory for the Java Runtime Environment to continue.
# Native memory allocation (malloc) failed to allocate 1048576 bytes for AllocateHeap
# Possible reasons:
#   The system is out of physical RAM or swap space
#   The process is running with CompressedOops enabled, and the Java Heap may be blocking the growth of the native heap
# Possible solutions:
#   Reduce memory load on the system
#   Increase physical memory or swap space
#   Check if swap backing store is full
#   Decrease Java heap size (-Xmx/-Xms)
#   Decrease number of Java threads
#   Decrease Java thread stack sizes (-Xss)
#   Set larger code cache with -XX:ReservedCodeCacheSize=
#   JVM is running with Unscaled Compressed Oops mode in which the Java heap is
#     placed in the first 4GB address space. The Java Heap base address is the
#     maximum limit for the native heap growth. Please use -XX:HeapBaseMinAddress
#     to set the Java Heap base and to place the Java Heap above 4GB virtual address.
# This output file may be truncated or incomplete.
#
#  Out of Memory Error (memory/allocation.inline.hpp:61), pid=3404, tid=0x000000000000197c
#
# JRE version:  (8.0_271-b09) (build )
# Java VM: Java HotSpot(TM) 64-Bit Server VM (25.271-b09 mixed mode windows-amd64 compressed oops)
# Failed to write core dump. Minidumps are not enabled by default on client versions of Windows
#

---------------  T H R E A D  ---------------

Current thread (0x0000012e4253b000):  JavaThread "Unknown thread" [_thread_in_vm, id=6524, stack(0x00000014c1800000,0x00000014c1900000)]

Stack: [0x00000014c1800000,0x00000014c1900000]
Native frames: (J=compiled Java code, j=interpreted, Vv=VM code, C=native code)
V  [jvm.dll+0x33f6c9]
V  [jvm.dll+0x286122]
V  [jvm.dll+0x286dcd]
V  [jvm.dll+0x27d805]
V  [jvm.dll+0x1565d]
V  [jvm.dll+0x3e35e7]
V  [jvm.dll+0x3e3fd8]
V  [jvm.dll+0x10cfff]
V  [jvm.dll+0x21ab2b]
V  [jvm.dll+0x2494e7]
V  [jvm.dll+0x172a76]
C  [java.exe+0x2312]
C  [java.exe+0x15f54]
C  [KERNEL32.DLL+0x17974]
C  [ntdll.dll+0x5a0b1]


---------------  P R O C E S S  ---------------

Java Threads: ( => current thread )

Other Threads:

=>0x0000012e4253b000 (exited) JavaThread "Unknown thread" [_thread_in_vm, id=6524, stack(0x00000014c1800000,0x00000014c1900000)]

VM state:not at safepoint (normal execution)

VM Mutex/Monitor currently owned by a thread: None

heap address: 0x00000000c1600000, size: 1002 MB, Compressed Oops mode: 32-bit
Narrow klass base: 0x0000000000000000, Narrow klass shift: 3
Compressed class space size: 1073741824 Address: 0x0000000100000000

Heap:
 PSYoungGen      total 18944K, used 327K [0x00000000eb200000, 0x00000000ec700000, 0x0000000100000000)
  eden space 16384K, 2% used [0x00000000eb200000,0x00000000eb251ec8,0x00000000ec200000)
  from space 2560K, 0% used [0x00000000ec480000,0x00000000ec480000,0x00000000ec700000)
  to   space 2560K, 0% used [0x00000000ec200000,0x00000000ec200000,0x00000000ec480000)
 ParOldGen       total 44032K, used 0K [0x00000000c1600000, 0x00000000c4100000, 0x00000000eb200000)
  object space 44032K, 0% used [0x00000000c1600000,0x00000000c1600000,0x00000000c4100000)
 Metaspace       used 776K, capacity 4480K, committed 4480K, reserved 1056768K
  class space    used 76K, capacity 384K, committed 384K, reserved 1048576K

Card table byte_map: [0x0000012e533f0000,0x0000012e535f0000] byte_map_base: 0x0000012e52de5000

Marking Bits: (ParMarkBitMap*) 0x0000000054e77fe0
 Begin Bits: [0x0000012e53740000, 0x0000012e546e8000)
 End Bits:   [0x0000012e546e8000, 0x0000012e55690000)

Polling page: 0x0000012e42740000

CodeCache: size=245760Kb used=328Kb max_used=328Kb free=245431Kb
 bounds [0x0000012e44030000, 0x0000012e442a0000, 0x0000012e53030000]
 total_blobs=58 nmethods=0 adapters=38
 compilation: enabled

Compilation events (0 events):
No events

GC Heap History (0 events):
No events

Deoptimization events (0 events):
No events

Classes redefined (0 events):
No events

Internal exceptions (0 events):
No events

Events (10 events):
Event: 0.468 loading class java/lang/Short
Event: 0.468 loading class java/lang/Short done
Event: 0.468 loading class java/lang/Integer
Event: 0.468 loading class java/lang/Integer done
Event: 0.468 loading class java/lang/Long
Event: 0.468 loading class java/lang/Long done
Event: 0.469 loading class java/lang/NullPointerException
Event: 0.469 loading class java/lang/NullPointerException done
Event: 0.469 loading class java/lang/ArithmeticException
Event: 0.469 loading class java/lang/ArithmeticException done


Dynamic libraries:
0x00007ff634b80000 - 0x00007ff634bc7000 	C:\Program Files\Java\jdk1.8.0_271\bin\java.exe
0x00007ff88b0e0000 - 0x00007ff88b2cd000 	C:\WINDOWS\SYSTEM32\ntdll.dll
0x00007ff877410000 - 0x00007ff877422000 	C:\Program Files\AVAST Software\Avast\aswhook.dll
0x00007ff888530000 - 0x00007ff8885e3000 	C:\WINDOWS\System32\KERNEL32.DLL
0x00007ff887e00000 - 0x00007ff888095000 	C:\WINDOWS\System32\KERNELBASE.dll
0x00007ff88a4a0000 - 0x00007ff88a543000 	C:\WINDOWS\System32\ADVAPI32.dll
0x00007ff88a1b0000 - 0x00007ff88a24e000 	C:\WINDOWS\System32\msvcrt.dll
0x00007ff888720000 - 0x00007ff8887bf000 	C:\WINDOWS\System32\sechost.dll
0x00007ff8885f0000 - 0x00007ff888712000 	C:\WINDOWS\System32\RPCRT4.dll
0x00007ff88a250000 - 0x00007ff88a3e7000 	C:\WINDOWS\System32\USER32.dll
0x00007ff887b90000 - 0x00007ff887bb0000 	C:\WINDOWS\System32\win32u.dll
0x00007ff888300000 - 0x00007ff888329000 	C:\WINDOWS\System32\GDI32.dll
0x00007ff887bb0000 - 0x00007ff887d4c000 	C:\WINDOWS\System32\gdi32full.dll
0x00007ff887940000 - 0x00007ff8879e0000 	C:\WINDOWS\System32\msvcp_win.dll
0x00007ff887a60000 - 0x00007ff887b5a000 	C:\WINDOWS\System32\ucrtbase.dll
0x00007ff879e00000 - 0x00007ff87a079000 	C:\WINDOWS\WinSxS\amd64_microsoft.windows.common-controls_6595b64144ccf1df_6.0.17763.1637_none_de704308534c3ec5\COMCTL32.dll
0x00007ff88a6b0000 - 0x00007ff88a9de000 	C:\WINDOWS\System32\combase.dll
0x00007ff8879e0000 - 0x00007ff887a5f000 	C:\WINDOWS\System32\bcryptPrimitives.dll
0x00007ff88a9e0000 - 0x00007ff88aa0e000 	C:\WINDOWS\System32\IMM32.DLL
0x00007ff86dbb0000 - 0x00007ff86dbc5000 	C:\Program Files\Java\jdk1.8.0_271\jre\bin\vcruntime140.dll
0x00007ff86db10000 - 0x00007ff86dbab000 	C:\Program Files\Java\jdk1.8.0_271\jre\bin\msvcp140.dll
0x0000000054680000 - 0x0000000054eef000 	C:\Program Files\Java\jdk1.8.0_271\jre\bin\server\jvm.dll
0x00007ff8883e0000 - 0x00007ff8883e8000 	C:\WINDOWS\System32\PSAPI.DLL
0x00007ff875a70000 - 0x00007ff875a79000 	C:\WINDOWS\SYSTEM32\WSOCK32.dll
0x00007ff889ff0000 - 0x00007ff88a05d000 	C:\WINDOWS\System32\WS2_32.dll
0x00007ff884c00000 - 0x00007ff884c24000 	C:\WINDOWS\SYSTEM32\WINMM.dll
0x00007ff882a50000 - 0x00007ff882a5a000 	C:\WINDOWS\SYSTEM32\VERSION.dll
0x00007ff884bd0000 - 0x00007ff884bfd000 	C:\WINDOWS\SYSTEM32\WINMMBASE.dll
0x00007ff887190000 - 0x00007ff8871da000 	C:\WINDOWS\System32\cfgmgr32.dll
0x00007ff8870c0000 - 0x00007ff8870d1000 	C:\WINDOWS\System32\kernel.appcore.dll
0x00007ff877fa0000 - 0x00007ff877fb0000 	C:\Program Files\Java\jdk1.8.0_271\jre\bin\verify.dll
0x00007ff86dae0000 - 0x00007ff86db0b000 	C:\Program Files\Java\jdk1.8.0_271\jre\bin\java.dll
0x00007ff86da50000 - 0x00007ff86da80000 	C:\Program Files\Java\jdk1.8.0_271\jre\bin\instrument.dll
0x00007ff86dac0000 - 0x00007ff86dad8000 	C:\Program Files\Java\jdk1.8.0_271\jre\bin\zip.dll
0x00007ff87e5e0000 - 0x00007ff87e7cd000 	C:\WINDOWS\SYSTEM32\dbghelp.dll

VM Arguments:
jvm_args: -javaagent:C:\Program Files\JetBrains\IntelliJ IDEA Community Edition 2020.2.4\lib\idea_rt.jar=50398:C:\Program Files\JetBrains\IntelliJ IDEA Community Edition 2020.2.4\bin -Dfile.encoding=UTF-8 
java_command: com.company.Main
java_class_path (initial): C:\Program Files\Java\jdk1.8.0_271\jre\lib\charsets.jar;C:\Program Files\Java\jdk1.8.0_271\jre\lib\deploy.jar;C:\Program Files\Java\jdk1.8.0_271\jre\lib\ext\access-bridge-64.jar;C:\Program Files\Java\jdk1.8.0_271\jre\lib\ext\cldrdata.jar;C:\Program Files\Java\jdk1.8.0_271\jre\lib\ext\dnsns.jar;C:\Program Files\Java\jdk1.8.0_271\jre\lib\ext\jaccess.jar;C:\Program Files\Java\jdk1.8.0_271\jre\lib\ext\jfxrt.jar;C:\Program Files\Java\jdk1.8.0_271\jre\lib\ext\localedata.jar;C:\Program Files\Java\jdk1.8.0_271\jre\lib\ext\nashorn.jar;C:\Program Files\Java\jdk1.8.0_271\jre\lib\ext\sunec.jar;C:\Program Files\Java\jdk1.8.0_271\jre\lib\ext\sunjce_provider.jar;C:\Program Files\Java\jdk1.8.0_271\jre\lib\ext\sunmscapi.jar;C:\Program Files\Java\jdk1.8.0_271\jre\lib\ext\sunpkcs11.jar;C:\Program Files\Java\jdk1.8.0_271\jre\lib\ext\zipfs.jar;C:\Program Files\Java\jdk1.8.0_271\jre\lib\javaws.jar;C:\Program Files\Java\jdk1.8.0_271\jre\lib\jce.jar;C:\Program Files\Java\jdk1.8.0_271\jre\lib\jfr.jar;C:\Program Files\Java\jdk1.8.0_271\jre\lib\jfxswt.jar;C:\Program Files\Java\jdk1.8.0_271\jre\lib\jsse.jar;C:\Program Files\Java\jdk1.8.0_271\jre\lib\management-agent.jar;C:\Program Files\Java\jdk1.8.0_271\jre\lib\plugin.jar;C:\Program Files\Java\jdk1.8.0_271\jre\lib\resources.jar;C:\Program Files\Java\jdk1.8.0_271\jre\lib\rt.jar;C:\Users\Пользователь\IdeaProjects\HellowWorld\out\production\HellowWorld;C:\Program Files\JetBrains\IntelliJ IDEA Community Edition 2020.2.4\lib\idea_rt.jar
Launcher Type: SUN_STANDARD

Environment Variables:
PATH=C:\Program Files (x86)\Common Files\Oracle\Java\javapath;C:\WINDOWS\system32;C:\WINDOWS;C:\WINDOWS\System32\Wbem;C:\WINDOWS\System32\WindowsPowerShell\v1.0\;C:\WINDOWS\System32\OpenSSH\;C:\Program Files (x86)\NVIDIA Corporation\PhysX\Common;C:\Program Files\NVIDIA Corporation\NVIDIA NvDLISR;C:\Program Files\dotnet\;C:\Program Files\Microsoft SQL Server\130\Tools\Binn\;C:\Program Files\Microsoft SQL Server\Client SDK\ODBC\170\Tools\Binn\;C:\Program Files\Git\cmd;C:\Users\Пользователь\AppData\Local\Microsoft\WindowsApps;
USERNAME=Пользователь
OS=Windows_NT
PROCESSOR_IDENTIFIER=Intel64 Family 6 Model 60 Stepping 3, GenuineIntel



---------------  S Y S T E M  ---------------

OS: Windows 10.0 , 64 bit Build 17763 (10.0.17763.475)

CPU:total 4 (initial active 4) (2 cores per cpu, 2 threads per core) family 6 model 60 stepping 3, cmov, cx8, fxsr, mmx, sse, sse2, sse3, ssse3, sse4.1, sse4.2, popcnt, avx, avx2, aes, clmul, erms, lzcnt, ht, tsc, tscinvbit, bmi1, bmi2

Memory: 4k page, physical 4098548k(270404k free), swap 6195700k(13092k free)

vm_info: Java HotSpot(TM) 64-Bit Server VM (25.271-b09) for windows-amd64 JRE (1.8.0_271-b09), built on Sep 16 2020 19:14:59 by "" with MS VC++ 15.9 (VS2017)

time: Sat Dec 12 10:10:18 2020
timezone: RTZ 4 (ceia)
elapsed time: 1.164573 seconds (0d 0h 0m 1s)

